0 info it worked if it ends with ok
1 verbose cli [ '/home/sean/angularjs/monitoring3/monitor3_server/node-v4.0.0-linux-x64/bin/node',
1 verbose cli   '/home/sean/angularjs/monitoring3/monitor3_server/node-v4.0.0-linux-x64/bin/npm',
1 verbose cli   'install',
1 verbose cli   'lzf' ]
2 info using npm@2.14.2
3 info using node@v4.0.0
4 verbose install initial load of /home/sean/angularjs/monitoring3/monitor3_server/node_modules/redis-sync/node_modules/rdb-parser/package.json
5 warn package.json rdb-parser@0.1.5 No license field.
6 verbose installManyTop reading scoped package data from /home/sean/angularjs/monitoring3/monitor3_server/node_modules/redis-sync/node_modules/rdb-parser/node_modules/bufferjs/package.json
7 verbose installManyTop reading scoped package data from /home/sean/angularjs/monitoring3/monitor3_server/node_modules/redis-sync/node_modules/rdb-parser/node_modules/jslint/package.json
8 verbose installManyTop reading scoped package data from /home/sean/angularjs/monitoring3/monitor3_server/node_modules/redis-sync/node_modules/rdb-parser/node_modules/node-int64/package.json
9 info package.json bufferjs@1.1.0 No repository field.
10 info package.json bufferjs@1.1.0 No license field.
11 info package.json node-int64@0.3.0 No repository field.
12 info package.json node-int64@0.3.0 No license field.
13 info package.json jslint@0.9.3 No license field.
14 verbose readDependencies loading dependencies from /home/sean/angularjs/monitoring3/monitor3_server/node_modules/redis-sync/node_modules/rdb-parser/package.json
15 silly cache add args [ 'lzf@0.3.0', null ]
16 verbose cache add spec lzf@0.3.0
17 silly cache add parsed spec Result {
17 silly cache add   raw: 'lzf@0.3.0',
17 silly cache add   scope: null,
17 silly cache add   name: 'lzf',
17 silly cache add   rawSpec: '0.3.0',
17 silly cache add   spec: '0.3.0',
17 silly cache add   type: 'version' }
18 silly addNamed lzf@0.3.0
19 verbose addNamed "0.3.0" is a plain semver version for lzf
20 silly mapToRegistry name lzf
21 silly mapToRegistry using default registry
22 silly mapToRegistry registry https://registry.npmjs.org/
23 silly mapToRegistry uri https://registry.npmjs.org/lzf
24 verbose addNameVersion registry:https://registry.npmjs.org/lzf not in flight; fetching
25 verbose request uri https://registry.npmjs.org/lzf
26 verbose request no auth needed
27 info attempt registry request try #1 at 17:52:14
28 verbose request id c8a0087e011e688b
29 verbose etag "F0SAGV95K6HF12ELT1YK523DC"
30 http request GET https://registry.npmjs.org/lzf
31 http 304 https://registry.npmjs.org/lzf
32 silly get cb [ 304,
32 silly get   { date: 'Tue, 27 Oct 2015 08:52:16 GMT',
32 silly get     via: '1.1 varnish',
32 silly get     'cache-control': 'max-age=60',
32 silly get     etag: '"F0SAGV95K6HF12ELT1YK523DC"',
32 silly get     age: '0',
32 silly get     connection: 'keep-alive',
32 silly get     'x-served-by': 'cache-nrt6129-NRT',
32 silly get     'x-cache': 'MISS',
32 silly get     'x-cache-hits': '0',
32 silly get     'x-timer': 'S1445935936.928198,VS0,VE522',
32 silly get     vary: 'Accept' } ]
33 verbose etag https://registry.npmjs.org/lzf from cache
34 verbose get saving lzf to /home/sean/.npm/registry.npmjs.org/lzf/.cache.json
35 silly cache afterAdd lzf@0.3.0
36 verbose afterAdd /home/sean/.npm/lzf/0.3.0/package/package.json not in flight; writing
37 verbose afterAdd /home/sean/.npm/lzf/0.3.0/package/package.json written
38 silly install resolved [ { name: 'lzf',
38 silly install resolved     version: '0.3.0',
38 silly install resolved     description: 'lzf compression module for nodejs',
38 silly install resolved     keywords: [ 'lzf', 'compression', 'buffer' ],
38 silly install resolved     author: { name: 'Ian Babrou', email: 'ibobrik@gmail.com' },
38 silly install resolved     engines: [ 'node' ],
38 silly install resolved     repository: { type: 'git', url: 'git://github.com/Topface/node-lzf.git' },
38 silly install resolved     dependencies: { nan: '1.3.0' },
38 silly install resolved     directories: { lib: './lib' },
38 silly install resolved     main: './index',
38 silly install resolved     scripts: { test: 'node test/test.js', install: 'node-gyp rebuild' },
38 silly install resolved     gypfile: true,
38 silly install resolved     gitHead: 'a4d3900ebab6eb86fb4cf9ed574d7c8a95ca1532',
38 silly install resolved     bugs: { url: 'https://github.com/Topface/node-lzf/issues' },
38 silly install resolved     homepage: 'https://github.com/Topface/node-lzf',
38 silly install resolved     _id: 'lzf@0.3.0',
38 silly install resolved     _shasum: '15366b26dda7ca2785df37a9c24d9d0abe68bec4',
38 silly install resolved     _from: 'lzf@0.3.0',
38 silly install resolved     _npmVersion: '1.4.21',
38 silly install resolved     _npmUser: { name: 'bobrik', email: 'ibobrik@gmail.com' },
38 silly install resolved     maintainers: [ [Object] ],
38 silly install resolved     dist:
38 silly install resolved      { shasum: '15366b26dda7ca2785df37a9c24d9d0abe68bec4',
38 silly install resolved        tarball: 'http://registry.npmjs.org/lzf/-/lzf-0.3.0.tgz' },
38 silly install resolved     _resolved: 'https://registry.npmjs.org/lzf/-/lzf-0.3.0.tgz',
38 silly install resolved     readme: 'ERROR: No README data found!' } ]
39 info install lzf@0.3.0 into /home/sean/angularjs/monitoring3/monitor3_server/node_modules/redis-sync/node_modules/rdb-parser
40 info installOne lzf@0.3.0
41 verbose installOne of lzf to /home/sean/angularjs/monitoring3/monitor3_server/node_modules/redis-sync/node_modules/rdb-parser not in flight; installing
42 verbose lock using /home/sean/.npm/_locks/lzf-7c5266faea7c5cbe.lock for /home/sean/angularjs/monitoring3/monitor3_server/node_modules/redis-sync/node_modules/rdb-parser/node_modules/lzf
43 silly install write writing lzf 0.3.0 to /home/sean/angularjs/monitoring3/monitor3_server/node_modules/redis-sync/node_modules/rdb-parser/node_modules/lzf
44 verbose unbuild node_modules/lzf
45 silly gentlyRm /home/sean/angularjs/monitoring3/monitor3_server/node_modules/redis-sync/node_modules/rdb-parser/node_modules/lzf is being purged from base /home/sean/angularjs/monitoring3/monitor3_server/node_modules/redis-sync/node_modules/rdb-parser
46 verbose gentlyRm don't care about contents; nuking /home/sean/angularjs/monitoring3/monitor3_server/node_modules/redis-sync/node_modules/rdb-parser/node_modules/lzf
47 verbose tar unpack /home/sean/.npm/lzf/0.3.0/package.tgz
48 verbose tar unpacking to /home/sean/angularjs/monitoring3/monitor3_server/node_modules/redis-sync/node_modules/rdb-parser/node_modules/lzf
49 silly gentlyRm /home/sean/angularjs/monitoring3/monitor3_server/node_modules/redis-sync/node_modules/rdb-parser/node_modules/lzf is being purged
50 verbose gentlyRm don't care about contents; nuking /home/sean/angularjs/monitoring3/monitor3_server/node_modules/redis-sync/node_modules/rdb-parser/node_modules/lzf
51 silly gunzTarPerm modes [ '775', '664' ]
52 silly gunzTarPerm extractEntry package.json
53 silly gunzTarPerm modified mode [ 'package.json', 420, 436 ]
54 silly gunzTarPerm extractEntry .npmignore
55 silly gunzTarPerm modified mode [ '.npmignore', 420, 436 ]
56 silly gunzTarPerm extractEntry README.md
57 silly gunzTarPerm modified mode [ 'README.md', 420, 436 ]
58 silly gunzTarPerm extractEntry index.js
59 silly gunzTarPerm modified mode [ 'index.js', 420, 436 ]
60 silly gunzTarPerm extractEntry benchmark/benchmark.js
61 silly gunzTarPerm modified mode [ 'benchmark/benchmark.js', 420, 436 ]
62 silly gunzTarPerm extractEntry benchmark/data/100.txt
63 silly gunzTarPerm modified mode [ 'benchmark/data/100.txt', 420, 436 ]
64 silly gunzTarPerm extractEntry benchmark/data/1000.txt
65 silly gunzTarPerm modified mode [ 'benchmark/data/1000.txt', 420, 436 ]
66 silly gunzTarPerm extractEntry benchmark/data/10000.txt
67 silly gunzTarPerm modified mode [ 'benchmark/data/10000.txt', 420, 436 ]
68 silly gunzTarPerm extractEntry benchmark/data/100000.txt
69 silly gunzTarPerm modified mode [ 'benchmark/data/100000.txt', 420, 436 ]
70 silly gunzTarPerm extractEntry binding.gyp
71 silly gunzTarPerm modified mode [ 'binding.gyp', 420, 436 ]
72 silly gunzTarPerm extractEntry src/lzf/lzf.h
73 silly gunzTarPerm modified mode [ 'src/lzf/lzf.h', 420, 436 ]
74 silly gunzTarPerm extractEntry src/lzf/lzfP.h
75 silly gunzTarPerm modified mode [ 'src/lzf/lzfP.h', 420, 436 ]
76 silly gunzTarPerm extractEntry src/lzf/lzf_c.cc
77 silly gunzTarPerm modified mode [ 'src/lzf/lzf_c.cc', 420, 436 ]
78 silly gunzTarPerm extractEntry src/lzf/lzf_d.cc
79 silly gunzTarPerm modified mode [ 'src/lzf/lzf_d.cc', 420, 436 ]
80 silly gunzTarPerm extractEntry src/lzf.cc
81 silly gunzTarPerm modified mode [ 'src/lzf.cc', 420, 436 ]
82 silly gunzTarPerm extractEntry test/test.js
83 silly gunzTarPerm modified mode [ 'test/test.js', 420, 436 ]
84 verbose write writing to /home/sean/angularjs/monitoring3/monitor3_server/node_modules/redis-sync/node_modules/rdb-parser/node_modules/lzf/package.json
85 info preinstall lzf@0.3.0
86 verbose readDependencies loading dependencies from /home/sean/angularjs/monitoring3/monitor3_server/node_modules/redis-sync/node_modules/rdb-parser/node_modules/lzf/package.json
87 silly prepareForInstallMany adding nan@1.3.0 from lzf dependencies
88 verbose readDependencies loading dependencies from /home/sean/angularjs/monitoring3/monitor3_server/node_modules/redis-sync/node_modules/rdb-parser/node_modules/lzf/package.json
89 silly cache add args [ 'nan@1.3.0', null ]
90 verbose cache add spec nan@1.3.0
91 silly cache add parsed spec Result {
91 silly cache add   raw: 'nan@1.3.0',
91 silly cache add   scope: null,
91 silly cache add   name: 'nan',
91 silly cache add   rawSpec: '1.3.0',
91 silly cache add   spec: '1.3.0',
91 silly cache add   type: 'version' }
92 silly addNamed nan@1.3.0
93 verbose addNamed "1.3.0" is a plain semver version for nan
94 silly mapToRegistry name nan
95 silly mapToRegistry using default registry
96 silly mapToRegistry registry https://registry.npmjs.org/
97 silly mapToRegistry uri https://registry.npmjs.org/nan
98 verbose addNameVersion registry:https://registry.npmjs.org/nan not in flight; fetching
99 verbose request uri https://registry.npmjs.org/nan
100 verbose request no auth needed
101 info attempt registry request try #1 at 17:52:16
102 verbose etag "CJ3ZKOY24CWA1LM0KQ4KE7PG1"
103 http request GET https://registry.npmjs.org/nan
104 http 304 https://registry.npmjs.org/nan
105 silly get cb [ 304,
105 silly get   { date: 'Tue, 27 Oct 2015 08:52:18 GMT',
105 silly get     via: '1.1 varnish',
105 silly get     'cache-control': 'max-age=60',
105 silly get     etag: '"CJ3ZKOY24CWA1LM0KQ4KE7PG1"',
105 silly get     age: '3',
105 silly get     connection: 'keep-alive',
105 silly get     'x-served-by': 'cache-nrt6120-NRT',
105 silly get     'x-cache': 'HIT',
105 silly get     'x-cache-hits': '1',
105 silly get     'x-timer': 'S1445935938.970676,VS0,VE1',
105 silly get     vary: 'Accept' } ]
106 verbose etag https://registry.npmjs.org/nan from cache
107 verbose get saving nan to /home/sean/.npm/registry.npmjs.org/nan/.cache.json
108 silly cache afterAdd nan@1.3.0
109 verbose afterAdd /home/sean/.npm/nan/1.3.0/package/package.json not in flight; writing
110 verbose afterAdd /home/sean/.npm/nan/1.3.0/package/package.json written
111 silly install resolved [ { name: 'nan',
111 silly install resolved     version: '1.3.0',
111 silly install resolved     description: 'Native Abstractions for Node.js: C++ header for Node 0.8->0.12 compatibility',
111 silly install resolved     main: 'include_dirs.js',
111 silly install resolved     repository: { type: 'git', url: 'git://github.com/rvagg/nan.git' },
111 silly install resolved     scripts:
111 silly install resolved      { test: 'tap --gc test/js/*-test.js',
111 silly install resolved        'rebuild-tests': 'node-gyp rebuild --directory test' },
111 silly install resolved     contributors: [ [Object], [Object], [Object], [Object], [Object], [Object] ],
111 silly install resolved     devDependencies:
111 silly install resolved      { bindings: '~1.2.1',
111 silly install resolved        'node-gyp': '~1.0.1',
111 silly install resolved        tap: '~0.4.12',
111 silly install resolved        xtend: '~4.0.0' },
111 silly install resolved     license: 'MIT',
111 silly install resolved     gitHead: 'e482fbe142e58373d5a24f4e5a60c61e22a13f83',
111 silly install resolved     bugs: { url: 'https://github.com/rvagg/nan/issues' },
111 silly install resolved     homepage: 'https://github.com/rvagg/nan',
111 silly install resolved     _id: 'nan@1.3.0',
111 silly install resolved     _shasum: '9a5b8d5ef97a10df3050e59b2c362d3baf779742',
111 silly install resolved     _from: 'nan@1.3.0',
111 silly install resolved     _npmVersion: '1.4.21',
111 silly install resolved     _npmUser: { name: 'rvagg', email: 'rod@vagg.org' },
111 silly install resolved     maintainers: [ [Object] ],
111 silly install resolved     dist:
111 silly install resolved      { shasum: '9a5b8d5ef97a10df3050e59b2c362d3baf779742',
111 silly install resolved        tarball: 'http://registry.npmjs.org/nan/-/nan-1.3.0.tgz' },
111 silly install resolved     directories: {},
111 silly install resolved     _resolved: 'https://registry.npmjs.org/nan/-/nan-1.3.0.tgz',
111 silly install resolved     readme: 'ERROR: No README data found!' } ]
112 info install nan@1.3.0 into /home/sean/angularjs/monitoring3/monitor3_server/node_modules/redis-sync/node_modules/rdb-parser/node_modules/lzf
113 info installOne nan@1.3.0
114 verbose installOne of nan to /home/sean/angularjs/monitoring3/monitor3_server/node_modules/redis-sync/node_modules/rdb-parser/node_modules/lzf not in flight; installing
115 verbose lock using /home/sean/.npm/_locks/nan-53b30d48b4984057.lock for /home/sean/angularjs/monitoring3/monitor3_server/node_modules/redis-sync/node_modules/rdb-parser/node_modules/lzf/node_modules/nan
116 silly install write writing nan 1.3.0 to /home/sean/angularjs/monitoring3/monitor3_server/node_modules/redis-sync/node_modules/rdb-parser/node_modules/lzf/node_modules/nan
117 verbose unbuild node_modules/lzf/node_modules/nan
118 silly gentlyRm /home/sean/angularjs/monitoring3/monitor3_server/node_modules/redis-sync/node_modules/rdb-parser/node_modules/lzf/node_modules/nan is being purged from base /home/sean/angularjs/monitoring3/monitor3_server/node_modules/redis-sync/node_modules/rdb-parser
119 verbose gentlyRm don't care about contents; nuking /home/sean/angularjs/monitoring3/monitor3_server/node_modules/redis-sync/node_modules/rdb-parser/node_modules/lzf/node_modules/nan
120 verbose tar unpack /home/sean/.npm/nan/1.3.0/package.tgz
121 verbose tar unpacking to /home/sean/angularjs/monitoring3/monitor3_server/node_modules/redis-sync/node_modules/rdb-parser/node_modules/lzf/node_modules/nan
122 silly gentlyRm /home/sean/angularjs/monitoring3/monitor3_server/node_modules/redis-sync/node_modules/rdb-parser/node_modules/lzf/node_modules/nan is being purged
123 verbose gentlyRm don't care about contents; nuking /home/sean/angularjs/monitoring3/monitor3_server/node_modules/redis-sync/node_modules/rdb-parser/node_modules/lzf/node_modules/nan
124 silly gunzTarPerm modes [ '775', '664' ]
125 silly gunzTarPerm extractEntry package.json
126 silly gunzTarPerm extractEntry README.md
127 silly gunzTarPerm extractEntry LICENSE
128 silly gunzTarPerm extractEntry include_dirs.js
129 silly gunzTarPerm extractEntry CHANGELOG.md
130 silly gunzTarPerm extractEntry .dntrc
131 silly gunzTarPerm extractEntry nan.h
132 silly gunzTarPerm extractEntry appveyor.yml
133 verbose write writing to /home/sean/angularjs/monitoring3/monitor3_server/node_modules/redis-sync/node_modules/rdb-parser/node_modules/lzf/node_modules/nan/package.json
134 info preinstall nan@1.3.0
135 verbose readDependencies loading dependencies from /home/sean/angularjs/monitoring3/monitor3_server/node_modules/redis-sync/node_modules/rdb-parser/node_modules/lzf/node_modules/nan/package.json
136 verbose readDependencies loading dependencies from /home/sean/angularjs/monitoring3/monitor3_server/node_modules/redis-sync/node_modules/rdb-parser/node_modules/lzf/node_modules/nan/package.json
137 silly install resolved []
138 verbose about to build /home/sean/angularjs/monitoring3/monitor3_server/node_modules/redis-sync/node_modules/rdb-parser/node_modules/lzf/node_modules/nan
139 info build /home/sean/angularjs/monitoring3/monitor3_server/node_modules/redis-sync/node_modules/rdb-parser/node_modules/lzf/node_modules/nan
140 info linkStuff nan@1.3.0
141 silly linkStuff nan@1.3.0 has /home/sean/angularjs/monitoring3/monitor3_server/node_modules/redis-sync/node_modules/rdb-parser/node_modules/lzf/node_modules as its parent node_modules
142 verbose linkBins nan@1.3.0
143 verbose linkMans nan@1.3.0
144 verbose rebuildBundles nan@1.3.0
145 info install nan@1.3.0
146 info postinstall nan@1.3.0
147 verbose unlock done using /home/sean/.npm/_locks/nan-53b30d48b4984057.lock for /home/sean/angularjs/monitoring3/monitor3_server/node_modules/redis-sync/node_modules/rdb-parser/node_modules/lzf/node_modules/nan
148 verbose about to build /home/sean/angularjs/monitoring3/monitor3_server/node_modules/redis-sync/node_modules/rdb-parser/node_modules/lzf
149 info build /home/sean/angularjs/monitoring3/monitor3_server/node_modules/redis-sync/node_modules/rdb-parser/node_modules/lzf
150 info linkStuff lzf@0.3.0
151 silly linkStuff lzf@0.3.0 has /home/sean/angularjs/monitoring3/monitor3_server/node_modules/redis-sync/node_modules/rdb-parser/node_modules as its parent node_modules
152 verbose linkBins lzf@0.3.0
153 verbose linkMans lzf@0.3.0
154 verbose rebuildBundles lzf@0.3.0
155 verbose rebuildBundles [ 'nan' ]
156 info install lzf@0.3.0
157 verbose unsafe-perm in lifecycle true
158 info lzf@0.3.0 Failed to exec install script
159 verbose unlock done using /home/sean/.npm/_locks/lzf-7c5266faea7c5cbe.lock for /home/sean/angularjs/monitoring3/monitor3_server/node_modules/redis-sync/node_modules/rdb-parser/node_modules/lzf
160 verbose stack Error: lzf@0.3.0 install: `node-gyp rebuild`
160 verbose stack Exit status 1
160 verbose stack     at EventEmitter.<anonymous> (/home/sean/angularjs/monitoring3/monitor3_server/node-v4.0.0-linux-x64/lib/node_modules/npm/lib/utils/lifecycle.js:214:16)
160 verbose stack     at emitTwo (events.js:87:13)
160 verbose stack     at EventEmitter.emit (events.js:172:7)
160 verbose stack     at ChildProcess.<anonymous> (/home/sean/angularjs/monitoring3/monitor3_server/node-v4.0.0-linux-x64/lib/node_modules/npm/lib/utils/spawn.js:24:14)
160 verbose stack     at emitTwo (events.js:87:13)
160 verbose stack     at ChildProcess.emit (events.js:172:7)
160 verbose stack     at maybeClose (internal/child_process.js:817:16)
160 verbose stack     at Process.ChildProcess._handle.onexit (internal/child_process.js:211:5)
161 verbose pkgid lzf@0.3.0
162 verbose cwd /home/sean/angularjs/monitoring3/monitor3_server/node_modules/redis-sync/node_modules/rdb-parser
163 error Linux 2.6.32-573.3.1.el6.x86_64
164 error argv "/home/sean/angularjs/monitoring3/monitor3_server/node-v4.0.0-linux-x64/bin/node" "/home/sean/angularjs/monitoring3/monitor3_server/node-v4.0.0-linux-x64/bin/npm" "install" "lzf"
165 error node v4.0.0
166 error npm  v2.14.2
167 error code ELIFECYCLE
168 error lzf@0.3.0 install: `node-gyp rebuild`
168 error Exit status 1
169 error Failed at the lzf@0.3.0 install script 'node-gyp rebuild'.
169 error This is most likely a problem with the lzf package,
169 error not with npm itself.
169 error Tell the author that this fails on your system:
169 error     node-gyp rebuild
169 error You can get their info via:
169 error     npm owner ls lzf
169 error There is likely additional logging output above.
170 verbose exit [ 1, true ]
171 verbose unbuild node_modules/lzf
172 info preuninstall lzf@0.3.0
173 info uninstall lzf@0.3.0
174 verbose unbuild rmStuff lzf@0.3.0 from /home/sean/angularjs/monitoring3/monitor3_server/node_modules/redis-sync/node_modules/rdb-parser/node_modules
175 info postuninstall lzf@0.3.0
176 silly gentlyRm /home/sean/angularjs/monitoring3/monitor3_server/node_modules/redis-sync/node_modules/rdb-parser/node_modules/lzf is being purged from base /home/sean/angularjs/monitoring3/monitor3_server/node_modules/redis-sync/node_modules/rdb-parser
177 verbose gentlyRm don't care about contents; nuking /home/sean/angularjs/monitoring3/monitor3_server/node_modules/redis-sync/node_modules/rdb-parser/node_modules/lzf
178 silly vacuum-fs purging /home/sean/angularjs/monitoring3/monitor3_server/node_modules/redis-sync/node_modules/rdb-parser/node_modules/lzf
179 silly vacuum-fs quitting because other entries in /home/sean/angularjs/monitoring3/monitor3_server/node_modules/redis-sync/node_modules/rdb-parser/node_modules
